geckodriver: error: Found argument '--websocket-port' which wasn't expected, or isn't valid in this context

USAGE:
    geckodriver --port <PORT>

For more information try --help

geckodriver: error: Found argument '--websocket-port' which wasn't expected, or isn't valid in this context

USAGE:
    geckodriver --port <PORT>

For more information try --help

1669620291570	geckodriver	INFO	Listening on 127.0.0.1:56767
1669620292157	mozrunner::runner	INFO	Running command: "/usr/bin/firefox" "--marionette" "--remote-debugging-port" "32861" "--remote-allow-hosts" "localhost" "-no-remote" "-profile" "/tmp/rust_mozprofileZUy1Iq"
/usr/lib/firefox-esr/browser/defaults/preferences/00parrot.js:155: prefs parse error: expected ';' after ')'
/usr/lib/firefox-esr/browser/defaults/syspref/00parrot.js:155: prefs parse error: expected ';' after ')'
console.error: Enterprise Policies: 
  Unknown policy: dom.disable_window_move_resize
console.error: Enterprise Policies: 
  Unknown policy: extensions.getAddons.showPane
console.error: Enterprise Policies: 
  Unknown policy: extensions.htmlaboutaddons.recommendations.enabled
console.error: Enterprise Policies: 
  Unknown policy: network.IDN_show_punycode
console.error: Enterprise Policies: 
  Unknown policy: security.ssl.errorReporting.enabled
1669620292794	Marionette	INFO	Marionette enabled
1669620292799	Marionette	INFO	Listening on port 39289
WebDriver BiDi listening on ws://localhost:32861
Read port: 39289
JavaScript error: resource://gre/modules/addons/XPIInstall.jsm, line 691: Error: File resource://builtin-themes/resource://builtin-themes/dark/ does not contain a valid manifest
1669620292974	RemoteAgent	WARN	TLS certificate errors will be ignored for this session
console.warn: SearchSettings: "get: No settings file exists, new profile?" (new NotFoundError("Could not open the file at /tmp/rust_mozprofileZUy1Iq/search.json.mozlz4", (void 0)))
Missing chrome or resource URL: resource://gre/modules/UpdateListener.jsm
Missing chrome or resource URL: resource://gre/modules/UpdateListener.sys.mjs
DevTools listening on ws://localhost:32861/devtools/browser/40b554d5-9a51-4c1a-9212-4aa3f633770e
JavaScript warning: https://qa.referloan.in/_next/static/chunks/main-4c224cb44517a50e.js, line 1: unreachable code after return statement
JavaScript error: resource://gre/modules/XULStore.jsm, line 66: Error: Can't find profile directory.
JavaScript error: resource://gre/modules/XULStore.jsm, line 66: Error: Can't find profile directory.
JavaScript warning: https://qa.referloan.in/_next/static/chunks/main-4c224cb44517a50e.js, line 1: unreachable code after return statement
Exiting due to channel error.
Exiting due to channel error.
Exiting due to channel error.
